<?xml version="1.0" encoding="UTF-8"?>
<testsuite xmlns:xsi="http://www.w3.org/2001/XMLSchema-instance" xsi:schemaLocation="https://maven.apache.org/surefire/maven-surefire-plugin/xsd/surefire-test-report.xsd" name="TestSuite" time="1,987.424" tests="13" errors="0" skipped="0" failures="0">
  <properties>
[...]
</properties>
  <testcase name="runScenario" classname="org.runner.Runner" time="15.843"/>
  <testcase name="runScenario" classname="org.runner.Runner" time="2.582"/>
  <testcase name="runScenario" classname="org.runner.Runner" time="3.656"/>
  <testcase name="runScenario" classname="org.runner.Runner" time="24.818"/>
  <testcase name="runScenario" classname="org.runner.Runner" time="14.987"/>
  <testcase name="runScenario" classname="org.runner.Runner" time="19.932"/>
  <testcase name="runScenario" classname="org.runner.Runner" time="6.252"/>
  <testcase name="runScenario" classname="org.runner.Runner" time="624.563"/>
  <testcase name="runScenario" classname="org.runner.Runner" time="319.836"/>
  <testcase name="runScenario" classname="org.runner.Runner" time="6.272"/>
  <testcase name="runScenario" classname="org.runner.Runner" time="932.82"/>
  <testcase name="runScenario" classname="org.runner.Runner" time="6.259"/>
  <testcase name="runScenario" classname="org.runner.Runner" time="1.509"/>
</testsuite>